<?xml version="1.0" encoding="UTF-8" standalone="yes"?><!DOCTYPE report PUBLIC "-//JACOCO//DTD Report 1.1//EN" "report.dtd"><report name="practica1"><sessioninfo id="MiLaptop-Ant-3ca327b8" start="1709834153953" dump="1709834154987"/><sessioninfo id="MiLaptop-Ant-1fcb8c9f" start="1709834303730" dump="1709834304836"/><sessioninfo id="MiLaptop-Ant-1a473827" start="1709834461660" dump="1709834462917"/><sessioninfo id="MiLaptop-Ant-83ac1c80" start="1709841725676" dump="1709841727474"/><sessioninfo id="MiLaptop-Ant-43c1b559" start="1709841778903" dump="1709841780126"/><sessioninfo id="MiLaptop-Ant-db7e05e3" start="1709923706475" dump="1709923707942"/><sessioninfo id="MiLaptop-Ant-2bb27916" start="1709923786755" dump="1709923788320"/><sessioninfo id="MiLaptop-Ant-efcf42b4" start="1709923883717" dump="1709923885610"/><sessioninfo id="MiLaptop-Ant-514241fc" start="1709923998702" dump="1709924000189"/><sessioninfo id="MiLaptop-Ant-fa423121" start="1709924178649" dump="1709924180049"/><sessioninfo id="MiLaptop-Ant-c528bec8" start="1709924578768" dump="1709924580050"/><sessioninfo id="MiLaptop-Ant-b0ac7fc6" start="1709925045698" dump="1709925047091"/><sessioninfo id="MiLaptop-Ant-7bb582d4" start="1709925248322" dump="1709925249524"/><package name="bank"><class name="bank/BankAccount" sourcefilename="BankAccount.java"><method name="&lt;init&gt;" desc="(I)V" line="4"><counter type="INSTRUCTION" missed="0" covered="9"/><counter type="LINE" missed="0" covered="4"/><counter type="COMPLEXITY" missed="0" covered="1"/><counter type="METHOD" missed="0" covered="1"/></method><method name="withdraw" desc="(I)Z" line="11"><counter type="INSTRUCTION" missed="0" covered="21"/><counter type="BRANCH" missed="0" covered="4"/><counter type="LINE" missed="0" covered="6"/><counter type="COMPLEXITY" missed="0" covered="3"/><counter type="METHOD" missed="0" covered="1"/></method><method name="deposit" desc="(I)I" line="22"><counter type="INSTRUCTION" missed="0" covered="16"/><counter type="BRANCH" missed="0" covered="2"/><counter type="LINE" missed="0" covered="4"/><counter type="COMPLEXITY" missed="0" covered="2"/><counter type="METHOD" missed="0" covered="1"/></method><method name="getBalance" desc="()I" line="29"><counter type="INSTRUCTION" missed="0" covered="3"/><counter type="LINE" missed="0" covered="1"/><counter type="COMPLEXITY" missed="0" covered="1"/><counter type="METHOD" missed="0" covered="1"/></method><method name="payment" desc="(DDI)D" line="34"><counter type="INSTRUCTION" missed="0" covered="53"/><counter type="BRANCH" missed="0" covered="10"/><counter type="LINE" missed="0" covered="8"/><counter type="COMPLEXITY" missed="0" covered="6"/><counter type="METHOD" missed="0" covered="1"/></method><method name="pending" desc="(DDII)D" line="46"><counter type="INSTRUCTION" missed="0" covered="53"/><counter type="BRANCH" missed="0" covered="12"/><counter type="LINE" missed="0" covered="10"/><counter type="COMPLEXITY" missed="0" covered="7"/><counter type="METHOD" missed="0" covered="1"/></method><counter type="INSTRUCTION" missed="0" covered="155"/><counter type="BRANCH" missed="0" covered="28"/><counter type="LINE" missed="0" covered="33"/><counter type="COMPLEXITY" missed="0" covered="20"/><counter type="METHOD" missed="0" covered="6"/><counter type="CLASS" missed="0" covered="1"/></class><class name="bank/BankMain" sourcefilename="BankMain.java"><method name="&lt;init&gt;" desc="()V" line="3"><counter type="INSTRUCTION" missed="3" covered="0"/><counter type="LINE" missed="1" covered="0"/><counter type="COMPLEXITY" missed="1" covered="0"/><counter type="METHOD" missed="1" covered="0"/></method><method name="main" desc="([Ljava/lang/String;)V" line="6"><counter type="INSTRUCTION" missed="78" covered="0"/><counter type="LINE" missed="10" covered="0"/><counter type="COMPLEXITY" missed="1" covered="0"/><counter type="METHOD" missed="1" covered="0"/></method><counter type="INSTRUCTION" missed="81" covered="0"/><counter type="LINE" missed="11" covered="0"/><counter type="COMPLEXITY" missed="2" covered="0"/><counter type="METHOD" missed="2" covered="0"/><counter type="CLASS" missed="1" covered="0"/></class><sourcefile name="BankAccount.java"><line nr="4" mi="0" ci="3" mb="0" cb="0"/><line nr="6" mi="0" ci="2" mb="0" cb="0"/><line nr="7" mi="0" ci="3" mb="0" cb="0"/><line nr="8" mi="0" ci="1" mb="0" cb="0"/><line nr="11" mi="0" ci="2" mb="0" cb="2"/><line nr="12" mi="0" ci="5" mb="0" cb="0"/><line nr="13" mi="0" ci="4" mb="0" cb="2"/><line nr="14" mi="0" ci="6" mb="0" cb="0"/><line nr="15" mi="0" ci="2" mb="0" cb="0"/><line nr="18" mi="0" ci="2" mb="0" cb="0"/><line nr="22" mi="0" ci="2" mb="0" cb="2"/><line nr="23" mi="0" ci="5" mb="0" cb="0"/><line nr="24" mi="0" ci="6" mb="0" cb="0"/><line nr="25" mi="0" ci="3" mb="0" cb="0"/><line nr="29" mi="0" ci="3" mb="0" cb="0"/><line nr="34" mi="0" ci="10" mb="0" cb="6"/><line nr="35" mi="0" ci="5" mb="0" cb="0"/><line nr="36" mi="0" ci="4" mb="0" cb="2"/><line nr="37" mi="0" ci="5" mb="0" cb="0"/><line nr="38" mi="0" ci="4" mb="0" cb="2"/><line nr="39" mi="0" ci="5" mb="0" cb="0"/><line nr="40" mi="0" ci="3" mb="0" cb="0"/><line nr="41" mi="0" ci="17" mb="0" cb="0"/><line nr="46" mi="0" ci="12" mb="0" cb="8"/><line nr="47" mi="0" ci="5" mb="0" cb="0"/><line nr="48" mi="0" ci="3" mb="0" cb="2"/><line nr="49" mi="0" ci="5" mb="0" cb="0"/><line nr="51" mi="0" ci="2" mb="0" cb="2"/><line nr="52" mi="0" ci="2" mb="0" cb="0"/><line nr="53" mi="0" ci="1" mb="0" cb="0"/><line nr="54" mi="0" ci="9" mb="0" cb="0"/><line nr="55" mi="0" ci="12" mb="0" cb="0"/><line nr="57" mi="0" ci="2" mb="0" cb="0"/><counter type="INSTRUCTION" missed="0" covered="155"/><counter type="BRANCH" missed="0" covered="28"/><counter type="LINE" missed="0" covered="33"/><counter type="COMPLEXITY" missed="0" covered="20"/><counter type="METHOD" missed="0" covered="6"/><counter type="CLASS" missed="0" covered="1"/></sourcefile><sourcefile name="BankMain.java"><line nr="3" mi="3" ci="0" mb="0" cb="0"/><line nr="6" mi="5" ci="0" mb="0" cb="0"/><line nr="7" mi="2" ci="0" mb="0" cb="0"/><line nr="8" mi="2" ci="0" mb="0" cb="0"/><line nr="9" mi="2" ci="0" mb="0" cb="0"/><line nr="11" mi="13" ci="0" mb="0" cb="0"/><line nr="12" mi="17" ci="0" mb="0" cb="0"/><line nr="14" mi="8" ci="0" mb="0" cb="0"/><line nr="15" mi="5" ci="0" mb="0" cb="0"/><line nr="16" mi="23" ci="0" mb="0" cb="0"/><line nr="17" mi="1" ci="0" mb="0" cb="0"/><counter type="INSTRUCTION" missed="81" covered="0"/><counter type="LINE" missed="11" covered="0"/><counter type="COMPLEXITY" missed="2" covered="0"/><counter type="METHOD" missed="2" covered="0"/><counter type="CLASS" missed="1" covered="0"/></sourcefile><counter type="INSTRUCTION" missed="81" covered="155"/><counter type="BRANCH" missed="0" covered="28"/><counter type="LINE" missed="11" covered="33"/><counter type="COMPLEXITY" missed="2" covered="20"/><counter type="METHOD" missed="2" covered="6"/><counter type="CLASS" missed="1" covered="1"/></package><counter type="INSTRUCTION" missed="81" covered="155"/><counter type="BRANCH" missed="0" covered="28"/><counter type="LINE" missed="11" covered="33"/><counter type="COMPLEXITY" missed="2" covered="20"/><counter type="METHOD" missed="2" covered="6"/><counter type="CLASS" missed="1" covered="1"/></report>